<?xml version="1.0" encoding="UTF-8"?>
<beans xmlns="http://www.springframework.org/schema/beans"
       xmlns:xsi="http://www.w3.org/2001/XMLSchema-instance"
       xmlns:context="http://www.springframework.org/schema/context" 
       xmlns:jaxws="http://cxf.apache.org/jaxws"
       xmlns:jaxrs="http://cxf.apache.org/jaxrs"
       xmlns:camel="http://camel.apache.org/schema/spring"
       xmlns:task="http://www.springframework.org/schema/task"
       xmlns:util="http://www.springframework.org/schema/util"
       xsi:schemaLocation="http://www.springframework.org/schema/beans http://www.springframework.org/schema/beans/spring-beans.xsd 
        http://cxf.apache.org/jaxws http://cxf.apache.org/schemas/jaxws.xsd 
        http://cxf.apache.org/core http://cxf.apache.org/schemas/core.xsd
        http://cxf.apache.org/jaxrs http://cxf.apache.org/schemas/jaxrs.xsd
        http://www.springframework.org/schema/context http://www.springframework.org/schema/context/spring-context.xsd
        http://www.springframework.org/schema/util http://www.springframework.org/schema/util/spring-util.xsd 
        http://camel.apache.org/schema/spring http://camel.apache.org/schema/spring/camel-spring.xsd
        http://www.springframework.org/schema/task http://www.springframework.org/schema/task/spring-task.xsd">
    <context:annotation-config/>

    <import resource="test-dao-context.xml" />
    <!-- Turn on @Autowired, @PostConstruct etc support -->
    <bean class="org.springframework.beans.factory.annotation.AutowiredAnnotationBeanPostProcessor" />
    <bean class="org.springframework.context.annotation.CommonAnnotationBeanPostProcessor" />

    <context:property-placeholder
            location="classpath:kela-testi.properties"
            ignore-resource-not-found="true" properties-ref="defaultProps" />
    
    <bean id="defaultProps" class="org.springframework.beans.factory.config.PropertiesFactoryBean">        
    	<property name="properties">
            <util:properties local-override="true">
                <prop key="cas_key">kela-service</prop>
                <prop key="cas_service">${cas.service.kela-service}</prop>
                <prop key="spring_security_default_access">permitAll</prop>
            </util:properties>
        </property>
    </bean>

    <context:component-scan base-package="fi.vm.sade.rajapinnat.kela.dao" />   
    <context:component-scan base-package="fi.vm.sade.rajapinnat.kela.tarjonta.model" />
</beans>